# JRE version: Java(TM) SE Runtime Environment (8.0_162-b12) (build 1.8.0_162-b12)
# Java VM: Java HotSpot(TM) 64-Bit Server VM (25.162-b12 mixed mode windows-amd64 compressed oops)
Heap:
 PSYoungGen      total 119296K, used 44560K [0x0000000780980000, 0x0000000789d00000, 0x00000007c0000000)
  eden space 88576K, 41% used [0x0000000780980000,0x0000000782d0bd70,0x0000000786000000)
  from space 30720K, 26% used [0x0000000787e00000,0x00000007885f8668,0x0000000789c00000)
  to   space 30720K, 0% used [0x0000000786000000,0x0000000786000000,0x0000000787e00000)
 ParOldGen       total 120320K, used 34049K [0x0000000701c00000, 0x0000000709180000, 0x0000000780980000)
  object space 120320K, 28% used [0x0000000701c00000,0x0000000703d40698,0x0000000709180000)
 Metaspace       used 27305K, capacity 28162K, committed 28288K, reserved 1073152K
  class space    used 3470K, capacity 3670K, committed 3712K, reserved 1048576K
GC Heap History (10 events):
Event: 1.334 GC heap before
{Heap before GC invocations=3 (full 1):
 PSYoungGen      total 57344K, used 8178K [0x0000000780980000, 0x0000000787980000, 0x00000007c0000000)
  eden space 49152K, 0% used [0x0000000780980000,0x0000000780980000,0x0000000783980000)
  from space 8192K, 99% used [0x0000000784180000,0x000000078497c928,0x0000000784980000)
  to   space 8192K, 0% used [0x0000000783980000,0x0000000783980000,0x0000000784180000)
 ParOldGen       total 131072K, used 25047K [0x0000000701c00000, 0x0000000709c00000, 0x0000000780980000)
  object space 131072K, 19% used [0x0000000701c00000,0x0000000703475c80,0x0000000709c00000)
 Metaspace       used 20511K, capacity 21168K, committed 21248K, reserved 1067008K
  class space    used 2820K, capacity 3021K, committed 3072K, reserved 1048576K
Event: 1.369 GC heap after
Heap after GC invocations=3 (full 1):
 PSYoungGen      total 57344K, used 0K [0x0000000780980000, 0x0000000787980000, 0x00000007c0000000)
  eden space 49152K, 0% used [0x0000000780980000,0x0000000780980000,0x0000000783980000)
  from space 8192K, 0% used [0x0000000784180000,0x0000000784180000,0x0000000784980000)
  to   space 8192K, 0% used [0x0000000783980000,0x0000000783980000,0x0000000784180000)
 ParOldGen       total 120320K, used 16882K [0x0000000701c00000, 0x0000000709180000, 0x0000000780980000)
  object space 120320K, 14% used [0x0000000701c00000,0x0000000702c7c940,0x0000000709180000)
 Metaspace       used 20511K, capacity 21168K, committed 21248K, reserved 1067008K
  class space    used 2820K, capacity 3021K, committed 3072K, reserved 1048576K
}
Event: 2.479 GC heap before
{Heap before GC invocations=4 (full 1):
 PSYoungGen      total 57344K, used 49152K [0x0000000780980000, 0x0000000787980000, 0x00000007c0000000)
  eden space 49152K, 100% used [0x0000000780980000,0x0000000783980000,0x0000000783980000)
  from space 8192K, 0% used [0x0000000784180000,0x0000000784180000,0x0000000784980000)
  to   space 8192K, 0% used [0x0000000783980000,0x0000000783980000,0x0000000784180000)
 ParOldGen       total 120320K, used 16882K [0x0000000701c00000, 0x0000000709180000, 0x0000000780980000)
  object space 120320K, 14% used [0x0000000701c00000,0x0000000702c7c940,0x0000000709180000)
 Metaspace       used 24277K, capacity 25026K, committed 25216K, reserved 1071104K
  class space    used 3234K, capacity 3434K, committed 3456K, reserved 1048576K
Event: 2.484 GC heap after
Heap after GC invocations=4 (full 1):
 PSYoungGen      total 57344K, used 8188K [0x0000000780980000, 0x0000000785f00000, 0x00000007c0000000)
  eden space 49152K, 0% used [0x0000000780980000,0x0000000780980000,0x0000000783980000)
  from space 8192K, 99% used [0x0000000783980000,0x000000078417f2b8,0x0000000784180000)
  to   space 8192K, 0% used [0x0000000785700000,0x0000000785700000,0x0000000785f00000)
 ParOldGen       total 120320K, used 23065K [0x0000000701c00000, 0x0000000709180000, 0x0000000780980000)
  object space 120320K, 19% used [0x0000000701c00000,0x0000000703286590,0x0000000709180000)
 Metaspace       used 24277K, capacity 25026K, committed 25216K, reserved 1071104K
  class space    used 3234K, capacity 3434K, committed 3456K, reserved 1048576K
}
Event: 32.325 GC heap before
{Heap before GC invocations=5 (full 1):
 PSYoungGen      total 57344K, used 57327K [0x0000000780980000, 0x0000000785f00000, 0x00000007c0000000)
  eden space 49152K, 99% used [0x0000000780980000,0x000000078397cc78,0x0000000783980000)
  from space 8192K, 99% used [0x0000000783980000,0x000000078417f2b8,0x0000000784180000)
  to   space 8192K, 0% used [0x0000000785700000,0x0000000785700000,0x0000000785f00000)
 ParOldGen       total 120320K, used 23065K [0x0000000701c00000, 0x0000000709180000, 0x0000000780980000)
  object space 120320K, 19% used [0x0000000701c00000,0x0000000703286590,0x0000000709180000)
 Metaspace       used 26574K, capacity 27436K, committed 27520K, reserved 1073152K
  class space    used 3449K, capacity 3663K, committed 3712K, reserved 1048576K
Event: 32.330 GC heap after
Heap after GC invocations=5 (full 1):
 PSYoungGen      total 75776K, used 8175K [0x0000000780980000, 0x0000000785f00000, 0x00000007c0000000)
  eden space 67584K, 0% used [0x0000000780980000,0x0000000780980000,0x0000000784b80000)
  from space 8192K, 99% used [0x0000000785700000,0x0000000785efbd08,0x0000000785f00000)
  to   space 8192K, 0% used [0x0000000784f00000,0x0000000784f00000,0x0000000785700000)
 ParOldGen       total 120320K, used 29683K [0x0000000701c00000, 0x0000000709180000, 0x0000000780980000)
  object space 120320K, 24% used [0x0000000701c00000,0x00000007038fcde0,0x0000000709180000)
 Metaspace       used 26574K, capacity 27436K, committed 27520K, reserved 1073152K
  class space    used 3449K, capacity 3663K, committed 3712K, reserved 1048576K
}
Event: 41.303 GC heap before
{Heap before GC invocations=6 (full 1):
 PSYoungGen      total 75776K, used 75759K [0x0000000780980000, 0x0000000785f00000, 0x00000007c0000000)
  eden space 67584K, 100% used [0x0000000780980000,0x0000000784b80000,0x0000000784b80000)
  from space 8192K, 99% used [0x0000000785700000,0x0000000785efbd08,0x0000000785f00000)
  to   space 8192K, 0% used [0x0000000784f00000,0x0000000784f00000,0x0000000785700000)
 ParOldGen       total 120320K, used 29683K [0x0000000701c00000, 0x0000000709180000, 0x0000000780980000)
  object space 120320K, 24% used [0x0000000701c00000,0x00000007038fcde0,0x0000000709180000)
 Metaspace       used 27234K, capacity 28034K, committed 28288K, reserved 1073152K
  class space    used 3470K, capacity 3670K, committed 3712K, reserved 1048576K
Event: 41.309 GC heap after
Heap after GC invocations=6 (full 1):
 PSYoungGen      total 79360K, used 8161K [0x0000000780980000, 0x0000000789c00000, 0x00000007c0000000)
  eden space 71168K, 0% used [0x0000000780980000,0x0000000780980000,0x0000000784f00000)
  from space 8192K, 99% used [0x0000000784f00000,0x00000007856f8668,0x0000000785700000)
  to   space 30720K, 0% used [0x0000000787e00000,0x0000000787e00000,0x0000000789c00000)
 ParOldGen       total 120320K, used 34041K [0x0000000701c00000, 0x0000000709180000, 0x0000000780980000)
  object space 120320K, 28% used [0x0000000701c00000,0x0000000703d3e698,0x0000000709180000)
 Metaspace       used 27234K, capacity 28034K, committed 28288K, reserved 1073152K
  class space    used 3470K, capacity 3670K, committed 3712K, reserved 1048576K
}
Event: 49.063 GC heap before
{Heap before GC invocations=7 (full 1):
 PSYoungGen      total 79360K, used 79329K [0x0000000780980000, 0x0000000789c00000, 0x00000007c0000000)
  eden space 71168K, 100% used [0x0000000780980000,0x0000000784f00000,0x0000000784f00000)
  from space 8192K, 99% used [0x0000000784f00000,0x00000007856f8668,0x0000000785700000)
  to   space 30720K, 0% used [0x0000000787e00000,0x0000000787e00000,0x0000000789c00000)
 ParOldGen       total 120320K, used 34041K [0x0000000701c00000, 0x0000000709180000, 0x0000000780980000)
  object space 120320K, 28% used [0x0000000701c00000,0x0000000703d3e698,0x0000000709180000)
 Metaspace       used 27263K, capacity 28098K, committed 28288K, reserved 1073152K
  class space    used 3470K, capacity 3670K, committed 3712K, reserved 1048576K
Event: 49.067 GC heap after
Heap after GC invocations=7 (full 1):
 PSYoungGen      total 119296K, used 8161K [0x0000000780980000, 0x0000000789d00000, 0x00000007c0000000)
  eden space 88576K, 0% used [0x0000000780980000,0x0000000780980000,0x0000000786000000)
  from space 30720K, 26% used [0x0000000787e00000,0x00000007885f8668,0x0000000789c00000)
  to   space 30720K, 0% used [0x0000000786000000,0x0000000786000000,0x0000000787e00000)
 ParOldGen       total 120320K, used 34049K [0x0000000701c00000, 0x0000000709180000, 0x0000000780980000)
  object space 120320K, 28% used [0x0000000701c00000,0x0000000703d40698,0x0000000709180000)
 Metaspace       used 27263K, capacity 28098K, committed 28288K, reserved 1073152K
  class space    used 3470K, capacity 3670K, committed 3712K, reserved 1048576K
}

