# JRE version: Java(TM) SE Runtime Environment (8.0_162-b12) (build 1.8.0_162-b12)
# Java VM: Java HotSpot(TM) 64-Bit Server VM (25.162-b12 mixed mode windows-amd64 compressed oops)
Heap:
 PSYoungGen      total 54784K, used 23680K [0x0000000780980000, 0x0000000785c00000, 0x00000007c0000000)
  eden space 45568K, 32% used [0x0000000780980000,0x00000007817f1d60,0x0000000783600000)
  from space 9216K, 96% used [0x0000000783680000,0x0000000783f2e640,0x0000000783f80000)
  to   space 19456K, 0% used [0x0000000784900000,0x0000000784900000,0x0000000785c00000)
 ParOldGen       total 112128K, used 28022K [0x0000000701c00000, 0x0000000708980000, 0x0000000780980000)
  object space 112128K, 24% used [0x0000000701c00000,0x000000070375dad8,0x0000000708980000)
 Metaspace       used 27341K, capacity 28170K, committed 28288K, reserved 1073152K
  class space    used 3475K, capacity 3670K, committed 3712K, reserved 1048576K
GC Heap History (10 events):
Event: 270.523 GC heap before
{Heap before GC invocations=8 (full 1):
 PSYoungGen      total 69632K, used 58321K [0x0000000780980000, 0x0000000786480000, 0x00000007c0000000)
  eden space 48128K, 100% used [0x0000000780980000,0x0000000783880000,0x0000000783880000)
  from space 21504K, 47% used [0x0000000784f80000,0x0000000785974608,0x0000000786480000)
  to   space 22528K, 0% used [0x0000000783880000,0x0000000783880000,0x0000000784e80000)
 ParOldGen       total 112128K, used 28006K [0x0000000701c00000, 0x0000000708980000, 0x0000000780980000)
  object space 112128K, 24% used [0x0000000701c00000,0x0000000703759ad8,0x0000000708980000)
 Metaspace       used 27226K, capacity 28084K, committed 28288K, reserved 1073152K
  class space    used 3458K, capacity 3663K, committed 3712K, reserved 1048576K
Event: 270.528 GC heap after
Heap after GC invocations=8 (full 1):
 PSYoungGen      total 59392K, used 11735K [0x0000000780980000, 0x0000000786200000, 0x00000007c0000000)
  eden space 47616K, 0% used [0x0000000780980000,0x0000000780980000,0x0000000783800000)
  from space 11776K, 99% used [0x0000000783880000,0x00000007843f5f78,0x0000000784400000)
  to   space 21504K, 0% used [0x0000000784d00000,0x0000000784d00000,0x0000000786200000)
 ParOldGen       total 112128K, used 28014K [0x0000000701c00000, 0x0000000708980000, 0x0000000780980000)
  object space 112128K, 24% used [0x0000000701c00000,0x000000070375bad8,0x0000000708980000)
 Metaspace       used 27226K, capacity 28084K, committed 28288K, reserved 1073152K
  class space    used 3458K, capacity 3663K, committed 3712K, reserved 1048576K
}
Event: 277.127 GC heap before
{Heap before GC invocations=9 (full 1):
 PSYoungGen      total 59392K, used 59351K [0x0000000780980000, 0x0000000786200000, 0x00000007c0000000)
  eden space 47616K, 100% used [0x0000000780980000,0x0000000783800000,0x0000000783800000)
  from space 11776K, 99% used [0x0000000783880000,0x00000007843f5f78,0x0000000784400000)
  to   space 21504K, 0% used [0x0000000784d00000,0x0000000784d00000,0x0000000786200000)
 ParOldGen       total 112128K, used 28014K [0x0000000701c00000, 0x0000000708980000, 0x0000000780980000)
  object space 112128K, 24% used [0x0000000701c00000,0x000000070375bad8,0x0000000708980000)
 Metaspace       used 27255K, capacity 28084K, committed 28288K, reserved 1073152K
  class space    used 3458K, capacity 3663K, committed 3712K, reserved 1048576K
Event: 277.131 GC heap after
Heap after GC invocations=9 (full 1):
 PSYoungGen      total 66048K, used 13021K [0x0000000780980000, 0x0000000785f80000, 0x00000007c0000000)
  eden space 47104K, 0% used [0x0000000780980000,0x0000000780980000,0x0000000783780000)
  from space 18944K, 68% used [0x0000000784d00000,0x00000007859b7600,0x0000000785f80000)
  to   space 20480K, 0% used [0x0000000783780000,0x0000000783780000,0x0000000784b80000)
 ParOldGen       total 112128K, used 28022K [0x0000000701c00000, 0x0000000708980000, 0x0000000780980000)
  object space 112128K, 24% used [0x0000000701c00000,0x000000070375dad8,0x0000000708980000)
 Metaspace       used 27255K, capacity 28084K, committed 28288K, reserved 1073152K
  class space    used 3458K, capacity 3663K, committed 3712K, reserved 1048576K
}
Event: 282.820 GC heap before
{Heap before GC invocations=10 (full 1):
 PSYoungGen      total 66048K, used 60125K [0x0000000780980000, 0x0000000785f80000, 0x00000007c0000000)
  eden space 47104K, 100% used [0x0000000780980000,0x0000000783780000,0x0000000783780000)
  from space 18944K, 68% used [0x0000000784d00000,0x00000007859b7600,0x0000000785f80000)
  to   space 20480K, 0% used [0x0000000783780000,0x0000000783780000,0x0000000784b80000)
 ParOldGen       total 112128K, used 28022K [0x0000000701c00000, 0x0000000708980000, 0x0000000780980000)
  object space 112128K, 24% used [0x0000000701c00000,0x000000070375dad8,0x0000000708980000)
 Metaspace       used 27302K, capacity 28106K, committed 28288K, reserved 1073152K
  class space    used 3465K, capacity 3670K, committed 3712K, reserved 1048576K
Event: 282.825 GC heap after
Heap after GC invocations=10 (full 1):
 PSYoungGen      total 59904K, used 13067K [0x0000000780980000, 0x0000000785e00000, 0x00000007c0000000)
  eden space 46592K, 0% used [0x0000000780980000,0x0000000780980000,0x0000000783700000)
  from space 13312K, 98% used [0x0000000783780000,0x0000000784442e98,0x0000000784480000)
  to   space 19968K, 0% used [0x0000000784a80000,0x0000000784a80000,0x0000000785e00000)
 ParOldGen       total 112128K, used 28022K [0x0000000701c00000, 0x0000000708980000, 0x0000000780980000)
  object space 112128K, 24% used [0x0000000701c00000,0x000000070375dad8,0x0000000708980000)
 Metaspace       used 27302K, capacity 28106K, committed 28288K, reserved 1073152K
  class space    used 3465K, capacity 3670K, committed 3712K, reserved 1048576K
}
Event: 288.759 GC heap before
{Heap before GC invocations=11 (full 1):
 PSYoungGen      total 59904K, used 59659K [0x0000000780980000, 0x0000000785e00000, 0x00000007c0000000)
  eden space 46592K, 100% used [0x0000000780980000,0x0000000783700000,0x0000000783700000)
  from space 13312K, 98% used [0x0000000783780000,0x0000000784442e98,0x0000000784480000)
  to   space 19968K, 0% used [0x0000000784a80000,0x0000000784a80000,0x0000000785e00000)
 ParOldGen       total 112128K, used 28022K [0x0000000701c00000, 0x0000000708980000, 0x0000000780980000)
  object space 112128K, 24% used [0x0000000701c00000,0x000000070375dad8,0x0000000708980000)
 Metaspace       used 27329K, capacity 28106K, committed 28288K, reserved 1073152K
  class space    used 3475K, capacity 3670K, committed 3712K, reserved 1048576K
Event: 288.762 GC heap after
Heap after GC invocations=11 (full 1):
 PSYoungGen      total 64512K, used 13021K [0x0000000780980000, 0x0000000785c80000, 0x00000007c0000000)
  eden space 46080K, 0% used [0x0000000780980000,0x0000000780980000,0x0000000783680000)
  from space 18432K, 70% used [0x0000000784a80000,0x0000000785737600,0x0000000785c80000)
  to   space 19456K, 0% used [0x0000000783680000,0x0000000783680000,0x0000000784980000)
 ParOldGen       total 112128K, used 28022K [0x0000000701c00000, 0x0000000708980000, 0x0000000780980000)
  object space 112128K, 24% used [0x0000000701c00000,0x000000070375dad8,0x0000000708980000)
 Metaspace       used 27329K, capacity 28106K, committed 28288K, reserved 1073152K
  class space    used 3475K, capacity 3670K, committed 3712K, reserved 1048576K
}
Event: 294.366 GC heap before
{Heap before GC invocations=12 (full 1):
 PSYoungGen      total 64512K, used 57606K [0x0000000780980000, 0x0000000785c80000, 0x00000007c0000000)
  eden space 46080K, 96% used [0x0000000780980000,0x000000078350a410,0x0000000783680000)
  from space 18432K, 70% used [0x0000000784a80000,0x0000000785737600,0x0000000785c80000)
  to   space 19456K, 0% used [0x0000000783680000,0x0000000783680000,0x0000000784980000)
 ParOldGen       total 112128K, used 28022K [0x0000000701c00000, 0x0000000708980000, 0x0000000780980000)
  object space 112128K, 24% used [0x0000000701c00000,0x000000070375dad8,0x0000000708980000)
 Metaspace       used 27329K, capacity 28106K, committed 28288K, reserved 1073152K
  class space    used 3475K, capacity 3670K, committed 3712K, reserved 1048576K
Event: 294.369 GC heap after
Heap after GC invocations=12 (full 1):
 PSYoungGen      total 54784K, used 8889K [0x0000000780980000, 0x0000000785c00000, 0x00000007c0000000)
  eden space 45568K, 0% used [0x0000000780980000,0x0000000780980000,0x0000000783600000)
  from space 9216K, 96% used [0x0000000783680000,0x0000000783f2e640,0x0000000783f80000)
  to   space 19456K, 0% used [0x0000000784900000,0x0000000784900000,0x0000000785c00000)
 ParOldGen       total 112128K, used 28022K [0x0000000701c00000, 0x0000000708980000, 0x0000000780980000)
  object space 112128K, 24% used [0x0000000701c00000,0x000000070375dad8,0x0000000708980000)
 Metaspace       used 27329K, capacity 28106K, committed 28288K, reserved 1073152K
  class space    used 3475K, capacity 3670K, committed 3712K, reserved 1048576K
}

